Downloading source page...
Saved snapshot to: snapshots/source_page.html
Collected deals: 4
Relevant deals: 3
Scored deals: 3
Top deals selected: 3
KIDSY LIQUIDATION SCOUT REPORT
========================================
Generated at: 2026-04-03 02:13:42

1. Fisher-Price Baby Toy Overstock Bundle
   Price: $700
   Source: Liquidation.com
   Condition: Overstock
   Location: Pennsylvania
   Score: 90
   URL: https://example.com/deal2
   Why it matters:
   - Relevant baby/kids category
   - Strong brand match: fisher-price
   - Overstock condition
   - Attractive price point
   - Trusted source
   - Nearby location

2. Graco Modes Stroller Liquidation Lot
   Price: $950
   Source: B-Stock
   Condition: Returns
   Location: New Jersey
   Score: 80
   URL: https://example.com/deal1
   Why it matters:
   - Relevant baby/kids category
   - Strong brand match: graco
   - Returns condition
   - Attractive price point
   - Trusted source
   - Nearby location

3. Baby Bassinet and Nursery Returns Lot
   Price: $1100
   Source: Direct Liquidation
   Condition: Returns
   Location: Connecticut
   Score: 50
   URL: https://example.com/deal4
   Why it matters:
   - Relevant baby/kids category
   - Returns condition
   - Trusted source
   - Nearby location

Slack message sent successfully.

Files created:
- snapshots/source_page.html
- output/daily_report.txt
- output/top_deals.csv
-----------------------------
